<?xml version="1.0" encoding="UTF-8"?>
<testng-results skipped="0" failed="1" total="8" passed="7">
  <reporter-output>
  </reporter-output>
  <suite name="Default suite" duration-ms="30729" started-at="2016-07-24T08:37:57Z" finished-at="2016-07-24T08:38:27Z">
    <groups>
    </groups>
    <test name="Default test" duration-ms="30729" started-at="2016-07-24T08:37:57Z" finished-at="2016-07-24T08:38:27Z">
      <class name="testCases.ExecuteTestCases">
        <test-method status="PASS" signature="testBeforeTest()[pri:0, instance:testCases.ExecuteTestCases@3ffc5af1]" name="testBeforeTest" is-config="true" duration-ms="1971" started-at="2016-07-24T01:37:57Z" finished-at="2016-07-24T01:37:59Z">
          <reporter-output>
          </reporter-output>
        </test-method> <!-- testBeforeTest -->
        <test-method status="PASS" signature="testLinkingInValue(java.lang.String, java.lang.String, java.lang.String, java.lang.String, java.lang.String)[pri:0, instance:testCases.ExecuteTestCases@3ffc5af1]" name="testLinkingInValue" duration-ms="4" started-at="2016-07-24T01:37:59Z" data-provider="testData" finished-at="2016-07-24T01:37:59Z">
          <params>
            <param index="0">
              <value>
                <![CDATA[Sites linking in is larger than 100,000 â€¨
]]>
              </value>
            </param>
            <param index="1">
              <value>
                <![CDATA[]]>
              </value>
            </param>
            <param index="2">
              <value>
                <![CDATA[]]>
              </value>
            </param>
            <param index="3">
              <value>
                <![CDATA[]]>
              </value>
            </param>
            <param index="4">
              <value>
                <![CDATA[]]>
              </value>
            </param>
          </params>
          <reporter-output>
          </reporter-output>
        </test-method> <!-- testLinkingInValue -->
        <test-method status="PASS" signature="testLinkingInValue(java.lang.String, java.lang.String, java.lang.String, java.lang.String, java.lang.String)[pri:0, instance:testCases.ExecuteTestCases@3ffc5af1]" name="testLinkingInValue" duration-ms="2684" started-at="2016-07-24T01:37:59Z" data-provider="testData" finished-at="2016-07-24T01:38:02Z">
          <params>
            <param index="0">
              <value>
                <![CDATA[]]>
              </value>
            </param>
            <param index="1">
              <value>
                <![CDATA[GOTOURL]]>
              </value>
            </param>
            <param index="2">
              <value>
                <![CDATA[]]>
              </value>
            </param>
            <param index="3">
              <value>
                <![CDATA[]]>
              </value>
            </param>
            <param index="4">
              <value>
                <![CDATA[url]]>
              </value>
            </param>
          </params>
          <reporter-output>
          </reporter-output>
        </test-method> <!-- testLinkingInValue -->
        <test-method status="PASS" signature="testLinkingInValue(java.lang.String, java.lang.String, java.lang.String, java.lang.String, java.lang.String)[pri:0, instance:testCases.ExecuteTestCases@3ffc5af1]" name="testLinkingInValue" duration-ms="1825" started-at="2016-07-24T01:38:02Z" data-provider="testData" finished-at="2016-07-24T01:38:03Z">
          <params>
            <param index="0">
              <value>
                <![CDATA[]]>
              </value>
            </param>
            <param index="1">
              <value>
                <![CDATA[GETTEXT]]>
              </value>
            </param>
            <param index="2">
              <value>
                <![CDATA[#linksin-panel-content > div:nth-child(1) > span > div > span]]>
              </value>
            </param>
            <param index="3">
              <value>
                <![CDATA[cssSelector]]>
              </value>
            </param>
            <param index="4">
              <value>
                <![CDATA[linkvalue]]>
              </value>
            </param>
          </params>
          <reporter-output>
          </reporter-output>
        </test-method> <!-- testLinkingInValue -->
        <test-method status="PASS" signature="testRelatedLinks(java.lang.String, java.lang.String, java.lang.String, java.lang.String, java.lang.String)[pri:0, instance:testCases.ExecuteTestCases@3ffc5af1]" name="testRelatedLinks" duration-ms="35" started-at="2016-07-24T01:38:03Z" data-provider="relatedlink" finished-at="2016-07-24T01:38:04Z">
          <params>
            <param index="0">
              <value>
                <![CDATA[]]>
              </value>
            </param>
            <param index="1">
              <value>
                <![CDATA[GETTEXT]]>
              </value>
            </param>
            <param index="2">
              <value>
                <![CDATA[#related_link_table]]>
              </value>
            </param>
            <param index="3">
              <value>
                <![CDATA[cssSelector]]>
              </value>
            </param>
            <param index="4">
              <value>
                <![CDATA[rtableval]]>
              </value>
            </param>
          </params>
          <reporter-output>
          </reporter-output>
        </test-method> <!-- testRelatedLinks -->
        <test-method status="FAIL" signature="testVisitorPercentage(java.lang.String, java.lang.String, java.lang.String, java.lang.String, java.lang.String)[pri:0, instance:testCases.ExecuteTestCases@3ffc5af1]" name="testVisitorPercentage" duration-ms="82" started-at="2016-07-24T01:38:04Z" data-provider="visitor" finished-at="2016-07-24T01:38:04Z">
          <params>
            <param index="0">
              <value>
                <![CDATA[]]>
              </value>
            </param>
            <param index="1">
              <value>
                <![CDATA[GETTEXT]]>
              </value>
            </param>
            <param index="2">
              <value>
                <![CDATA[#demographics_div_country_table]]>
              </value>
            </param>
            <param index="3">
              <value>
                <![CDATA[cssSelector]]>
              </value>
            </param>
            <param index="4">
              <value>
                <![CDATA[tablevalue]]>
              </value>
            </param>
          </params>
          <exception class="java.lang.AssertionError">
            <message>
              <![CDATA[Site Visitor has Australia and the percentage is more than 5% expected [true] but found [false]]]>
            </message>
            <full-stacktrace>
              <![CDATA[java.lang.AssertionError: Site Visitor has Australia and the percentage is more than 5% expected [true] but found [false]
	at org.testng.Assert.fail(Assert.java:94)
	at org.testng.Assert.failNotEquals(Assert.java:513)
	at org.testng.Assert.assertEqualsImpl(Assert.java:135)
	at org.testng.Assert.assertEquals(Assert.java:116)
	at org.testng.Assert.assertEquals(Assert.java:190)
	at testCases.ExecuteTestCases.testVisitorPercentage(ExecuteTestCases.java:117)
	at sun.reflect.NativeMethodAccessorImpl.invoke0(Native Method)
	at sun.reflect.NativeMethodAccessorImpl.invoke(NativeMethodAccessorImpl.java:62)
	at sun.reflect.DelegatingMethodAccessorImpl.invoke(DelegatingMethodAccessorImpl.java:43)
	at java.lang.reflect.Method.invoke(Method.java:497)
	at org.testng.internal.MethodInvocationHelper.invokeMethod(MethodInvocationHelper.java:100)
	at org.testng.internal.Invoker.invokeMethod(Invoker.java:646)
	at org.testng.internal.Invoker.invokeTestMethod(Invoker.java:811)
	at org.testng.internal.Invoker.invokeTestMethods(Invoker.java:1129)
	at org.testng.internal.TestMethodWorker.invokeTestMethods(TestMethodWorker.java:129)
	at org.testng.internal.TestMethodWorker.run(TestMethodWorker.java:112)
	at org.testng.TestRunner.privateRun(TestRunner.java:746)
	at org.testng.TestRunner.run(TestRunner.java:600)
	at org.testng.SuiteRunner.runTest(SuiteRunner.java:366)
	at org.testng.SuiteRunner.runSequentially(SuiteRunner.java:361)
	at org.testng.SuiteRunner.privateRun(SuiteRunner.java:319)
	at org.testng.SuiteRunner.run(SuiteRunner.java:268)
	at org.testng.SuiteRunnerWorker.runSuite(SuiteRunnerWorker.java:52)
	at org.testng.SuiteRunnerWorker.run(SuiteRunnerWorker.java:86)
	at org.testng.TestNG.runSuitesSequentially(TestNG.java:1264)
	at org.testng.TestNG.runSuitesLocally(TestNG.java:1189)
	at org.testng.TestNG.runSuites(TestNG.java:1104)
	at org.testng.TestNG.run(TestNG.java:1076)
	at org.testng.remote.AbstractRemoteTestNG.run(AbstractRemoteTestNG.java:126)
	at org.testng.remote.RemoteTestNG.initAndRun(RemoteTestNG.java:152)
	at org.testng.remote.RemoteTestNG.main(RemoteTestNG.java:57)
]]>
            </full-stacktrace>
          </exception> <!-- java.lang.AssertionError -->
          <reporter-output>
          </reporter-output>
        </test-method> <!-- testVisitorPercentage -->
        <test-method status="PASS" signature="tearDown()[pri:0, instance:testCases.ExecuteTestCases@3ffc5af1]" name="tearDown" is-config="true" duration-ms="85" started-at="2016-07-24T01:38:27Z" finished-at="2016-07-24T01:38:27Z">
          <reporter-output>
          </reporter-output>
        </test-method> <!-- tearDown -->
        <test-method status="PASS" signature="tearDown()[pri:0, instance:testCases.ExecuteUpgradeTest@5e5792a0]" name="tearDown" is-config="true" duration-ms="508" started-at="2016-07-24T01:38:27Z" finished-at="2016-07-24T01:38:27Z">
          <reporter-output>
          </reporter-output>
        </test-method> <!-- tearDown -->
      </class> <!-- testCases.ExecuteTestCases -->
      <class name="testCases.ExecuteUpgradeTest">
        <test-method status="PASS" signature="testUpgradeTest(java.lang.String, java.lang.String, java.lang.String, java.lang.String, java.lang.String)[pri:0, instance:testCases.ExecuteUpgradeTest@5e5792a0]" name="testUpgradeTest" duration-ms="1679" started-at="2016-07-24T01:38:04Z" data-provider="upgrade" finished-at="2016-07-24T01:38:05Z">
          <params>
            <param index="0">
              <value>
                <![CDATA[TestCase]]>
              </value>
            </param>
            <param index="1">
              <value>
                <![CDATA[Keyword]]>
              </value>
            </param>
            <param index="2">
              <value>
                <![CDATA[Object]]>
              </value>
            </param>
            <param index="3">
              <value>
                <![CDATA[ObjectType]]>
              </value>
            </param>
            <param index="4">
              <value>
                <![CDATA[value]]>
              </value>
            </param>
          </params>
          <reporter-output>
          </reporter-output>
        </test-method> <!-- testUpgradeTest -->
        <test-method status="PASS" signature="testUpgradeTest(java.lang.String, java.lang.String, java.lang.String, java.lang.String, java.lang.String)[pri:0, instance:testCases.ExecuteUpgradeTest@5e5792a0]" name="testUpgradeTest" duration-ms="1670" started-at="2016-07-24T01:38:05Z" data-provider="upgrade" finished-at="2016-07-24T01:38:07Z">
          <params>
            <param index="0">
              <value>
                <![CDATA[Monthly Unique Visitor Metrics]]>
              </value>
            </param>
            <param index="1">
              <value>
                <![CDATA[]]>
              </value>
            </param>
            <param index="2">
              <value>
                <![CDATA[]]>
              </value>
            </param>
            <param index="3">
              <value>
                <![CDATA[]]>
              </value>
            </param>
            <param index="4">
              <value>
                <![CDATA[]]>
              </value>
            </param>
          </params>
          <reporter-output>
          </reporter-output>
        </test-method> <!-- testUpgradeTest -->
        <test-method status="PASS" signature="testUpgradeTest(java.lang.String, java.lang.String, java.lang.String, java.lang.String, java.lang.String)[pri:0, instance:testCases.ExecuteUpgradeTest@5e5792a0]" name="testUpgradeTest" duration-ms="19714" started-at="2016-07-24T01:38:07Z" data-provider="upgrade" finished-at="2016-07-24T01:38:27Z">
          <params>
            <param index="0">
              <value>
                <![CDATA[]]>
              </value>
            </param>
            <param index="1">
              <value>
                <![CDATA[GOTOURL]]>
              </value>
            </param>
            <param index="2">
              <value>
                <![CDATA[]]>
              </value>
            </param>
            <param index="3">
              <value>
                <![CDATA[]]>
              </value>
            </param>
            <param index="4">
              <value>
                <![CDATA[url]]>
              </value>
            </param>
          </params>
          <reporter-output>
          </reporter-output>
        </test-method> <!-- testUpgradeTest -->
      </class> <!-- testCases.ExecuteUpgradeTest -->
    </test> <!-- Default test -->
  </suite> <!-- Default suite -->
</testng-results>
